c:\users\mung\desktop\c++_crawler\c++_crawler\debug\vc140.pdb
c:\users\mung\desktop\c++_crawler\c++_crawler\debug\vc140.idb
c:\users\mung\desktop\c++_crawler\c++_crawler\debug\auth.nativecodeanalysis.xml
c:\users\mung\desktop\c++_crawler\c++_crawler\debug\cookies.nativecodeanalysis.xml
c:\users\mung\desktop\c++_crawler\c++_crawler\debug\digest.nativecodeanalysis.xml
c:\users\mung\desktop\c++_crawler\c++_crawler\debug\error.nativecodeanalysis.xml
c:\users\mung\desktop\c++_crawler\c++_crawler\debug\multipart.nativecodeanalysis.xml
c:\users\mung\desktop\c++_crawler\c++_crawler\debug\parameters.nativecodeanalysis.xml
c:\users\mung\desktop\c++_crawler\c++_crawler\debug\payload.nativecodeanalysis.xml
c:\users\mung\desktop\c++_crawler\c++_crawler\debug\proxies.nativecodeanalysis.xml
c:\users\mung\desktop\c++_crawler\c++_crawler\debug\session.nativecodeanalysis.xml
c:\users\mung\desktop\c++_crawler\c++_crawler\debug\timeout.nativecodeanalysis.xml
c:\users\mung\desktop\c++_crawler\c++_crawler\debug\util.nativecodeanalysis.xml
c:\users\mung\desktop\c++_crawler\c++_crawler\debug\source.nativecodeanalysis.xml
c:\users\mung\desktop\c++_crawler\c++_crawler\debug\source.obj
c:\users\mung\desktop\c++_crawler\c++_crawler\debug\util.obj
c:\users\mung\desktop\c++_crawler\c++_crawler\debug\timeout.obj
c:\users\mung\desktop\c++_crawler\c++_crawler\debug\session.obj
c:\users\mung\desktop\c++_crawler\c++_crawler\debug\proxies.obj
c:\users\mung\desktop\c++_crawler\c++_crawler\debug\payload.obj
c:\users\mung\desktop\c++_crawler\c++_crawler\debug\parameters.obj
c:\users\mung\desktop\c++_crawler\c++_crawler\debug\multipart.obj
c:\users\mung\desktop\c++_crawler\c++_crawler\debug\error.obj
c:\users\mung\desktop\c++_crawler\c++_crawler\debug\digest.obj
c:\users\mung\desktop\c++_crawler\c++_crawler\debug\cookies.obj
c:\users\mung\desktop\c++_crawler\c++_crawler\debug\auth.obj
c:\users\mung\desktop\c++_crawler\c++_crawler\debug\cprtypes.obj
c:\users\mung\desktop\c++_crawler\debug\c++_crawler.ilk
c:\users\mung\desktop\c++_crawler\debug\c++_crawler.exe
c:\users\mung\desktop\c++_crawler\debug\c++_crawler.pdb
c:\users\mung\desktop\c++_crawler\c++_crawler\debug\c++_crawler.tlog\cl.command.1.tlog
c:\users\mung\desktop\c++_crawler\c++_crawler\debug\c++_crawler.tlog\cl.read.1.tlog
c:\users\mung\desktop\c++_crawler\c++_crawler\debug\c++_crawler.tlog\cl.write.1.tlog
c:\users\mung\desktop\c++_crawler\c++_crawler\debug\c++_crawler.tlog\link.command.1.tlog
c:\users\mung\desktop\c++_crawler\c++_crawler\debug\c++_crawler.tlog\link.read.1.tlog
c:\users\mung\desktop\c++_crawler\c++_crawler\debug\c++_crawler.tlog\link.write.1.tlog
